<?xml version="1.0" encoding="UTF-8"?>
<robot generator="Robot 5.0 (Python 3.9.13 on darwin)" generated="20220708 16:19:18.173" rpa="false" schemaversion="3">
<suite id="s1" name="Crsuiteglobal" source="/Users/Ahmad Fauzi/belajar/TestSuite/Global/crsuiteglobal.robot">
<kw name="Launch the Browser and Open sehatq.com" type="SETUP">
<kw name="Open Local Browser" library="config">
<arg>${url}</arg>
<arg>headlesschrome</arg>
<kw name="Open Browser" library="SeleniumLibrary">
<arg>${url}</arg>
<arg>${browser}</arg>
<doc>Opens a new browser instance to the optional ``url``.</doc>
<msg timestamp="20220708 16:19:18.520" level="INFO">Opening browser 'headlesschrome' to base url 'https://www.sehatq.com/'.</msg>
<status status="PASS" starttime="20220708 16:19:18.519" endtime="20220708 16:19:25.976"/>
</kw>
<kw name="Maximize Browser Window" library="SeleniumLibrary">
<doc>Maximizes current browser window.</doc>
<status status="PASS" starttime="20220708 16:19:25.977" endtime="20220708 16:19:26.082"/>
</kw>
<status status="PASS" starttime="20220708 16:19:18.519" endtime="20220708 16:19:26.082"/>
</kw>
<kw name="Set Global Variable" library="BuiltIn">
<arg>${globalURL}</arg>
<arg>${url}</arg>
<doc>Makes a variable available globally in all tests and suites.</doc>
<msg timestamp="20220708 16:19:26.083" level="INFO">${globalURL} = https://www.sehatq.com/</msg>
<status status="PASS" starttime="20220708 16:19:26.082" endtime="20220708 16:19:26.083"/>
</kw>
<status status="PASS" starttime="20220708 16:19:18.519" endtime="20220708 16:19:26.083"/>
</kw>
<test id="s1-t1" name="Register Success with Valid Data" line="44">
<kw name="Register with Valid Data" library="TestRegister">
<arg>${nameSuccess}</arg>
<arg>${emailRegisSuccess}</arg>
<arg>${password}</arg>
<kw name="Go To" library="SeleniumLibrary">
<arg>${registerURL}</arg>
<doc>Navigates the current browser window to the provided ``url``.</doc>
<msg timestamp="20220708 16:19:26.086" level="INFO">Opening url 'https://account.sehatq.com/daftar/email'</msg>
<status status="PASS" starttime="20220708 16:19:26.085" endtime="20220708 16:19:27.295"/>
</kw>
<kw name="Input Full Name" library="PageRegister">
<arg>${nameRegister}</arg>
<kw name="Wait Until Page Contains Element" library="SeleniumLibrary">
<arg>${txtFullName}</arg>
<doc>Waits until the element ``locator`` appears on the current page.</doc>
<status status="PASS" starttime="20220708 16:19:27.296" endtime="20220708 16:19:27.310"/>
</kw>
<kw name="Input Text" library="SeleniumLibrary">
<arg>${txtFullName}</arg>
<arg>${name}</arg>
<doc>Types the given ``text`` into the text field identified by ``locator``.</doc>
<msg timestamp="20220708 16:19:27.311" level="INFO">Typing text 'Ahmad Fauzi' into text field 'id:name'.</msg>
<status status="PASS" starttime="20220708 16:19:27.310" endtime="20220708 16:19:27.526"/>
</kw>
<status status="PASS" starttime="20220708 16:19:27.295" endtime="20220708 16:19:27.527"/>
</kw>
<kw name="Input Email" library="PageRegister">
<arg>${email}</arg>
<kw name="Wait Until Page Contains Element" library="SeleniumLibrary">
<arg>${txtEmail}</arg>
<doc>Waits until the element ``locator`` appears on the current page.</doc>
<status status="PASS" starttime="20220708 16:19:27.527" endtime="20220708 16:19:27.544"/>
</kw>
<kw name="Input Text" library="SeleniumLibrary">
<arg>${txtEmail}</arg>
<arg>${email}</arg>
<doc>Types the given ``text`` into the text field identified by ``locator``.</doc>
<msg timestamp="20220708 16:19:27.545" level="INFO">Typing text 'fauzi+1100@kitabisa.com' into text field 'id:email'.</msg>
<status status="PASS" starttime="20220708 16:19:27.544" endtime="20220708 16:19:27.830"/>
</kw>
<status status="PASS" starttime="20220708 16:19:27.527" endtime="20220708 16:19:27.830"/>
</kw>
<kw name="Input Password" library="PageRegister">
<arg>${pwd}</arg>
<kw name="Wait Until Page Contains Element" library="SeleniumLibrary">
<arg>${txtPwd}</arg>
<doc>Waits until the element ``locator`` appears on the current page.</doc>
<status status="PASS" starttime="20220708 16:19:27.831" endtime="20220708 16:19:27.975"/>
</kw>
<kw name="Input Text" library="SeleniumLibrary">
<arg>${txtPwd}</arg>
<arg>${pwd}</arg>
<doc>Types the given ``text`` into the text field identified by ``locator``.</doc>
<msg timestamp="20220708 16:19:27.976" level="INFO">Typing text '87654321' into text field 'xpath://*[@id="__next"]/div/div/div/div/div[2]/div/form/div[3]/div/label/input'.</msg>
<status status="PASS" starttime="20220708 16:19:27.975" endtime="20220708 16:19:28.142"/>
</kw>
<status status="PASS" starttime="20220708 16:19:27.830" endtime="20220708 16:19:28.142"/>
</kw>
<kw name="Select Checkbox Agreement" library="PageRegister">
<kw name="Click Element" library="SeleniumLibrary">
<arg>${checkboxAgree}</arg>
<doc>Click the element identified by ``locator``.</doc>
<msg timestamp="20220708 16:19:28.143" level="INFO">Clicking element 'xpath://*[@id="__next"]/div/div/div/div/div[2]/div/form/div[4]/div/div/label/span/span'.</msg>
<status status="PASS" starttime="20220708 16:19:28.143" endtime="20220708 16:19:28.419"/>
</kw>
<status status="PASS" starttime="20220708 16:19:28.142" endtime="20220708 16:19:28.420"/>
</kw>
<kw name="Click Register Button" library="PageRegister">
<kw name="Click Element" library="SeleniumLibrary">
<arg>${daftarBtn}</arg>
<doc>Click the element identified by ``locator``.</doc>
<msg timestamp="20220708 16:19:28.421" level="INFO">Clicking element 'xpath://*[@id="__next"]/div/div/div/div/div[2]/div/form/button'.</msg>
<status status="PASS" starttime="20220708 16:19:28.421" endtime="20220708 16:19:28.573"/>
</kw>
<status status="PASS" starttime="20220708 16:19:28.420" endtime="20220708 16:19:28.573"/>
</kw>
<kw name="Verify Account" library="PageLogin">
<kw name="Wait Until Page Contains Element" library="SeleniumLibrary">
<arg>${iconProfile}</arg>
<doc>Waits until the element ``locator`` appears on the current page.</doc>
<msg timestamp="20220708 16:19:35.585" level="INFO" html="true">&lt;/td&gt;&lt;/tr&gt;&lt;tr&gt;&lt;td colspan="3"&gt;&lt;a href="selenium-screenshot-47.png"&gt;&lt;img src="selenium-screenshot-47.png" width="800px"&gt;&lt;/a&gt;</msg>
<msg timestamp="20220708 16:19:35.585" level="FAIL">Element 'id=popover-profile' did not appear in 5 seconds.</msg>
<status status="FAIL" starttime="20220708 16:19:28.574" endtime="20220708 16:19:35.589"/>
</kw>
<kw name="Element Should Be Visible" library="SeleniumLibrary">
<arg>${iconProfile}</arg>
<doc>Verifies that the element identified by ``locator`` is visible.</doc>
<status status="NOT RUN" starttime="20220708 16:19:35.590" endtime="20220708 16:19:35.590"/>
</kw>
<status status="FAIL" starttime="20220708 16:19:28.574" endtime="20220708 16:19:35.590"/>
</kw>
<status status="FAIL" starttime="20220708 16:19:26.085" endtime="20220708 16:19:35.591"/>
</kw>
<tag>All</tag>
<tag>Positive</tag>
<tag>Register1</tag>
<status status="FAIL" starttime="20220708 16:19:26.084" endtime="20220708 16:19:35.592">Element 'id=popover-profile' did not appear in 5 seconds.</status>
</test>
<kw name="Close All Browsers" library="SeleniumLibrary" type="TEARDOWN">
<doc>Closes all open browsers and resets the browser cache.</doc>
<status status="PASS" starttime="20220708 16:19:35.593" endtime="20220708 16:19:35.711"/>
</kw>
<status status="FAIL" starttime="20220708 16:19:18.175" endtime="20220708 16:19:35.711"/>
</suite>
<statistics>
<total>
<stat pass="0" fail="1" skip="0">All Tests</stat>
</total>
<tag>
<stat pass="0" fail="1" skip="0">All</stat>
<stat pass="0" fail="1" skip="0">Positive</stat>
<stat pass="0" fail="1" skip="0">Register1</stat>
</tag>
<suite>
<stat pass="0" fail="1" skip="0" id="s1" name="Crsuiteglobal">Crsuiteglobal</stat>
</suite>
</statistics>
<errors>
</errors>
</robot>
